sed -e "/aaroncastellanos_datos_analiticos.psv ->> HORIZONTE->LIMO 2-50 (%)/a\\'
sed -e "/alejoledesma_datos_analiticos.psv ->> HORIZONTE->LIMO 2-50 (%)/a\\'
sed -e "/ambrosetti_datos_analiticos.psv ->> HORIZONTE->LIMO 2-50 (%)/a\\'
sed -e "/amenabar_datos_analiticos.psv ->> HORIZONTE->LIMO 2-50 (%)/a\\'
sed -e "/angeloni_datos_analiticos.psv ->> HORIZONTE->LIMO 2-50 (%)/a\\'
sed -e "/apeaderoarrascaeta_datos_analiticos.psv ->> HORIZONTE->LIMO 2-50 (%)/a\\'
sed -e "/arequito_datos_analiticos.psv ->> HORIZONTE->LIMO 2-50 (%)/a\\'
sed -e "/armstrong_datos_analiticos.psv ->> HORIZONTE->LIMO 2-50 (%)/a\\'
sed -e "/arocena_datos_analiticos.psv ->> HORIZONTE->LIMO 2-50 (%)/a\\'
sed -e "/arroyoaguiar_datos_analiticos.psv ->> HORIZONTE->LIMO 2-50 (%)/a\\'
sed -e "/arroyojuarez_datos_analiticos.psv ->> HORIZONTE->LIMO 2-50 (%)/a\\'
sed -e "/arroyolastortugas_datos_analiticos.psv ->> HORIZONTE->LIMO 2-50 (%)/a\\'
sed -e "/arroyosanantonio_datos_analiticos.psv ->> HORIZONTE->LIMO 2-50 (%)/a\\'
sed -e "/arrufo_datos_analiticos.psv ->> HORIZONTE->LIMO 2-50 (%)/a\\'
sed -e "/ascochinga_datos_analiticos.psv ->> HORIZONTE->LIMO 2-50 (%)/a\\'
sed -e "/aurelia_datos_analiticos.psv ->> HORIZONTE->LIMO 2-50 (%)/a\\'
sed -e "/barrancas_datos_analiticos.psv ->> HORIZONTE->LIMO 2-50 (%)/a\\'
sed -e "/benjamingould_datos_analiticos.psv ->> HORIZONTE->LIMO 2-50 (%)/a\\'
sed -e "/bernardodeirigoyen_datos_analiticos.psv ->> HORIZONTE->LIMO 2-50 (%)/a\\'
sed -e "/bigand_datos_analiticos.psv ->> HORIZONTE->LIMO 2-50 (%)/a\\'
sed -e "/bossi_datos_analiticos.psv ->> HORIZONTE->LIMO 2-50 (%)/a\\'
sed -e "/bustinza_datos_analiticos.psv ->> HORIZONTE->LIMO 2-50 (%)/a\\'
sed -e "/cafferata_datos_analiticos.psv ->> HORIZONTE->LIMO 2-50 (%)/a\\'
sed -e "/campoandino_datos_analiticos.psv ->> HORIZONTE->LIMO 2-50 (%)/a\\'
sed -e "/canalsanantonio_datos_analiticos.psv ->> HORIZONTE->LIMO 2-50 (%)/a\\'
sed -e "/candioti_datos_analiticos.psv ->> HORIZONTE->LIMO 2-50 (%)/a\\'
sed -e "/carlospellegrini_datos_analiticos.psv ->> HORIZONTE->LIMO 2-50 (%)/a\\'
sed -e "/casilda_datos_analiticos.psv ->> HORIZONTE->LIMO 2-50 (%)/a\\'
sed -e "/castellanos_datos_analiticos.psv ->> HORIZONTE->LIMO 2-50 (%)/a\\'
sed -e "/cayasta_datos_analiticos.psv ->> HORIZONTE->LIMO 2-50 (%)/a\\'
sed -e "/chabas_datos_analiticos.psv ->> HORIZONTE->LIMO 2-50 (%)/a\\'
sed -e "/chilca_datos_analiticos.psv ->> HORIZONTE->LIMO 2-50 (%)/a\\'
sed -e "/chovet_datos_analiticos.psv ->> HORIZONTE->LIMO 2-50 (%)/a\\'
sed -e "/clason_datos_analiticos.psv ->> HORIZONTE->LIMO 2-50 (%)/a\\'
sed -e "/colastine_datos_analiticos.psv ->> HORIZONTE->LIMO 2-50 (%)/a\\'
sed -e "/coloniaalpina_datos_analiticos.psv ->> HORIZONTE->LIMO 2-50 (%)/a\\'
sed -e "/coloniacastelar_datos_analiticos.psv ->> HORIZONTE->LIMO 2-50 (%)/a\\'
sed -e "/coloniamackinley_datos_analiticos.psv ->> HORIZONTE->LIMO 2-50 (%)/a\\'
sed -e "/coloniamendigueren_datos_analiticos.psv ->> HORIZONTE->LIMO 2-50 (%)/a\\'
sed -e "/coloniamoreno_datos_analiticos.psv ->> HORIZONTE->LIMO 2-50 (%)/a\\'
sed -e "/coloniaprogreso_datos_analiticos.psv ->> HORIZONTE->LIMO 2-50 (%)/a\\'
sed -e "/coloniarosa_datos_analiticos.psv ->> HORIZONTE->LIMO 2-50 (%)/a\\'
sed -e "/coloniateresa_datos_analiticos.psv ->> HORIZONTE->LIMO 2-50 (%)/a\\'
sed -e "/constituyentes_datos_analiticos.psv ->> HORIZONTE->LIMO 2-50 (%)/a\\'
sed -e "/coronda_datos_analiticos.psv ->> HORIZONTE->LIMO 2-50 (%)/a\\'
sed -e "/correa_datos_analiticos.psv ->> HORIZONTE->LIMO 2-50 (%)/a\\'
sed -e "/crispi_datos_analiticos.psv ->> HORIZONTE->LIMO 2-50 (%)/a\\'
sed -e "/cululu_datos_analiticos.psv ->> HORIZONTE->LIMO 2-50 (%)/a\\'
sed -e "/curupayti_datos_analiticos.psv ->> HORIZONTE->LIMO 2-50 (%)/a\\'
sed -e "/delgado_datos_analiticos.psv ->> HORIZONTE->LIMO 2-50 (%)/a\\'
sed -e "/diaz_datos_analiticos.psv ->> HORIZONTE->LIMO 2-50 (%)/a\\'
sed -e "/divisademayo_datos_analiticos.psv ->> HORIZONTE->LIMO 2-50 (%)/a\\'
sed -e "/dosprovincias_datos_analiticos.psv ->> HORIZONTE->LIMO 2-50 (%)/a\\'
sed -e "/elabolengo_datos_analiticos.psv ->> HORIZONTE->LIMO 2-50 (%)/a\\'
sed -e "/elarbolito_datos_analiticos.psv ->> HORIZONTE->LIMO 2-50 (%)/a\\'
sed -e "/elcantor_datos_analiticos.psv ->> HORIZONTE->LIMO 2-50 (%)/a\\'
sed -e "/ellaurel_datos_analiticos.psv ->> HORIZONTE->LIMO 2-50 (%)/a\\'
sed -e "/elmocoreta_datos_analiticos.psv ->> HORIZONTE->LIMO 2-50 (%)/a\\'
sed -e "/elpedernal_datos_analiticos.psv ->> HORIZONTE->LIMO 2-50 (%)/a\\'
sed -e "/elrecuerdo_datos_analiticos.psv ->> HORIZONTE->LIMO 2-50 (%)/a\\'
sed -e "/eltrebol_datos_analiticos.psv ->> HORIZONTE->LIMO 2-50 (%)/a\\'
sed -e "/esperanza_datos_analiticos.psv ->> HORIZONTE->LIMO 2-50 (%)/a\\'
sed -e "/estanciasantaana_datos_analiticos.psv ->> HORIZONTE->LIMO 2-50 (%)/a\\'
sed -e "/eusebia_datos_analiticos.psv ->> HORIZONTE->LIMO 2-50 (%)/a\\'
sed -e "/faustina_datos_analiticos.psv ->> HORIZONTE->LIMO 2-50 (%)/a\\'
sed -e "/fortintiburcio_datos_analiticos.psv ->> HORIZONTE->LIMO 2-50 (%)/a\\'
sed -e "/gaboto_datos_analiticos.psv ->> HORIZONTE->LIMO 2-50 (%)/a\\'
sed -e "/gelly_datos_analiticos.psv ->> HORIZONTE->LIMO 2-50 (%)/a\\'
sed -e "/gessler_datos_analiticos.psv ->> HORIZONTE->LIMO 2-50 (%)/a\\'
sed -e "/guatimozin_datos_analiticos.psv ->> HORIZONTE->LIMO 2-50 (%)/a\\'
sed -e "/hansen_datos_analiticos.psv ->> HORIZONTE->LIMO 2-50 (%)/a\\'
sed -e "/helvecia_datos_analiticos.psv ->> HORIZONTE->LIMO 2-50 (%)/a\\'
sed -e "/hersilia_datos_analiticos.psv ->> HORIZONTE->LIMO 2-50 (%)/a\\'
sed -e "/huemul_datos_analiticos.psv ->> HORIZONTE->LIMO 2-50 (%)/a\\'
sed -e "/hughes_datos_analiticos.psv ->> HORIZONTE->LIMO 2-50 (%)/a\\'
sed -e "/humboldt_datos_analiticos.psv ->> HORIZONTE->LIMO 2-50 (%)/a\\'
sed -e "/jacinto_datos_analiticos.psv ->> HORIZONTE->LIMO 2-50 (%)/a\\'
sed -e "/juncal_datos_analiticos.psv ->> HORIZONTE->LIMO 2-50 (%)/a\\'
sed -e "/laalpina_datos_analiticos.psv ->> HORIZONTE->LIMO 2-50 (%)/a\\'
sed -e "/lacurva_datos_analiticos.psv ->> HORIZONTE->LIMO 2-50 (%)/a\\'
sed -e "/laelena_datos_analiticos.psv ->> HORIZONTE->LIMO 2-50 (%)/a\\'
sed -e "/laesmeralda_datos_analiticos.psv ->> HORIZONTE->LIMO 2-50 (%)/a\\'
sed -e "/laflorida_datos_analiticos.psv ->> HORIZONTE->LIMO 2-50 (%)/a\\'
sed -e "/lagerda_datos_analiticos.psv ->> HORIZONTE->LIMO 2-50 (%)/a\\'
sed -e "/lagermania_datos_analiticos.psv ->> HORIZONTE->LIMO 2-50 (%)/a\\'
sed -e "/laindiada_datos_analiticos.psv ->> HORIZONTE->LIMO 2-50 (%)/a\\'
sed -e "/laleoncita_datos_analiticos.psv ->> HORIZONTE->LIMO 2-50 (%)/a\\'
sed -e "/landeta_datos_analiticos.psv ->> HORIZONTE->LIMO 2-50 (%)/a\\'
sed -e "/lapatria_datos_analiticos.psv ->> HORIZONTE->LIMO 2-50 (%)/a\\'
sed -e "/lapelada_datos_analiticos.psv ->> HORIZONTE->LIMO 2-50 (%)/a\\'
sed -e "/larivieri_datos_analiticos.psv ->> HORIZONTE->LIMO 2-50 (%)/a\\'
sed -e "/larubia_datos_analiticos.psv ->> HORIZONTE->LIMO 2-50 (%)/a\\'
sed -e "/lasbandurrias_datos_analiticos.psv ->> HORIZONTE->LIMO 2-50 (%)/a\\'
sed -e "/lasgamas_datos_analiticos.psv ->> HORIZONTE->LIMO 2-50 (%)/a\\'
sed -e "/laspalmeras_datos_analiticos.psv ->> HORIZONTE->LIMO 2-50 (%)/a\\'
sed -e "/lasparvas_datos_analiticos.psv ->> HORIZONTE->LIMO 2-50 (%)/a\\'
sed -e "/lasprusianas_datos_analiticos.psv ->> HORIZONTE->LIMO 2-50 (%)/a\\'
sed -e "/lastunas_datos_analiticos.psv ->> HORIZONTE->LIMO 2-50 (%)/a\\'
sed -e "/lasturbias_datos_analiticos.psv ->> HORIZONTE->LIMO 2-50 (%)/a\\'
sed -e "/lazoraida_datos_analiticos.psv ->> HORIZONTE->LIMO 2-50 (%)/a\\'
sed -e "/lazzarino_datos_analiticos.psv ->> HORIZONTE->LIMO 2-50 (%)/a\\'
sed -e "/lehmann_datos_analiticos.psv ->> HORIZONTE->LIMO 2-50 (%)/a\\'
sed -e "/lima_datos_analiticos.psv ->> HORIZONTE->LIMO 2-50 (%)/a\\'
sed -e "/lomaalta_datos_analiticos.psv ->> HORIZONTE->LIMO 2-50 (%)/a\\'
sed -e "/loscardos_datos_analiticos.psv ->> HORIZONTE->LIMO 2-50 (%)/a\\'
sed -e "/loscerillos_datos_analiticos.psv ->> HORIZONTE->LIMO 2-50 (%)/a\\'
sed -e "/loscharabones_datos_analiticos.psv ->> HORIZONTE->LIMO 2-50 (%)/a\\'
sed -e "/losmedanitos_datos_analiticos.psv ->> HORIZONTE->LIMO 2-50 (%)/a\\'
sed -e "/lucianoleiva_datos_analiticos.psv ->> HORIZONTE->LIMO 2-50 (%)/a\\'
sed -e "/maciel_datos_analiticos.psv ->> HORIZONTE->LIMO 2-50 (%)/a\\'
sed -e "/maggiolo_datos_analiticos.psv ->> HORIZONTE->LIMO 2-50 (%)/a\\'
sed -e "/maizales_datos_analiticos.psv ->> HORIZONTE->LIMO 2-50 (%)/a\\'
sed -e "/manantiales_datos_analiticos.psv ->> HORIZONTE->LIMO 2-50 (%)/a\\'
sed -e "/marialuisa_datos_analiticos.psv ->> HORIZONTE->LIMO 2-50 (%)/a\\'
sed -e "/matilde_datos_analiticos.psv ->> HORIZONTE->LIMO 2-50 (%)/a\\'
sed -e "/melincue_datos_analiticos.psv ->> HORIZONTE->LIMO 2-50 (%)/a\\'
sed -e "/monigotes_datos_analiticos.psv ->> HORIZONTE->LIMO 2-50 (%)/a\\'
sed -e "/monteoscuridad_datos_analiticos.psv ->> HORIZONTE->LIMO 2-50 (%)/a\\'
sed -e "/murphy_datos_analiticos.psv ->> HORIZONTE->LIMO 2-50 (%)/a\\'
sed -e "/oliveros_datos_analiticos.psv ->> HORIZONTE->LIMO 2-50 (%)/a\\'
sed -e "/paikin_datos_analiticos.psv ->> HORIZONTE->LIMO 2-50 (%)/a\\'
sed -e "/pergamino_datos_analiticos.psv ->> HORIZONTE->LIMO 2-50 (%)/a\\'
sed -e "/petronila_datos_analiticos.psv ->> HORIZONTE->LIMO 2-50 (%)/a\\'
sed -e "/peyrano_datos_analiticos.psv ->> HORIZONTE->LIMO 2-50 (%)/a\\'
sed -e "/Pilar_datos_analiticos.psv ->> HORIZONTE->LIMO 2-50 (%)/a\\'
sed -e "/pueblocasas_datos_analiticos.psv ->> HORIZONTE->LIMO 2-50 (%)/a\\'
sed -e "/pueblodeirigoyen_datos_analiticos.psv ->> HORIZONTE->LIMO 2-50 (%)/a\\'
sed -e "/puebloelisa_datos_analiticos.psv ->> HORIZONTE->LIMO 2-50 (%)/a\\'
sed -e "/rafaela_datos_analiticos.psv ->> HORIZONTE->LIMO 2-50 (%)/a\\'
sed -e "/ramallo_datos_analiticos.psv ->> HORIZONTE->LIMO 2-50 (%)/a\\'
sed -e "/ramona_datos_analiticos.psv ->> HORIZONTE->LIMO 2-50 (%)/a\\'
sed -e "/rancagua_datos_analiticos.psv ->> HORIZONTE->LIMO 2-50 (%)/a\\'
sed -e "/Recreo_datos_analiticos.psv ->> HORIZONTE->LIMO 2-50 (%)/a\\'
sed -e "/rincondeavila_datos_analiticos.psv ->> HORIZONTE->LIMO 2-50 (%)/a\\'
sed -e "/riosalado_datos_analiticos.psv ->> HORIZONTE->LIMO 2-50 (%)/a\\'
sed -e "/rojas_datos_analiticos.psv ->> HORIZONTE->LIMO 2-50 (%)/a\\'
sed -e "/saforcada_datos_analiticos.psv ->> HORIZONTE->LIMO 2-50 (%)/a\\'
sed -e "/sanantonio_datos_analiticos.psv ->> HORIZONTE->LIMO 2-50 (%)/a\\'
sed -e "/sanbernardo_datos_analiticos.psv ->> HORIZONTE->LIMO 2-50 (%)/a\\'
sed -e "/sanjusto_datos_analiticos.psv ->> HORIZONTE->LIMO 2-50 (%)/a\\'
sed -e "/sanmartindelasescobas_datos_analiticos.psv ->> HORIZONTE->LIMO 2-50 (%)/a\\'
sed -e "/sanpedro_datos_analiticos.psv ->> HORIZONTE->LIMO 2-50 (%)/a\\'
sed -e "/santafilipina_datos_analiticos.psv ->> HORIZONTE->LIMO 2-50 (%)/a\\'
sed -e "/santaisabel_datos_analiticos.psv ->> HORIZONTE->LIMO 2-50 (%)/a\\'
sed -e "/santamarianorte_datos_analiticos.psv ->> HORIZONTE->LIMO 2-50 (%)/a\\'
sed -e "/sastre_datos_analiticos.psv ->> HORIZONTE->LIMO 2-50 (%)/a\\'
sed -e "/schiffner_datos_analiticos.psv ->> HORIZONTE->LIMO 2-50 (%)/a\\'
sed -e "/serodino_datos_analiticos.psv ->> HORIZONTE->LIMO 2-50 (%)/a\\'
sed -e "/soldemayo_datos_analiticos.psv ->> HORIZONTE->LIMO 2-50 (%)/a\\'
sed -e "/teodelina_datos_analiticos.psv ->> HORIZONTE->LIMO 2-50 (%)/a\\'
sed -e "/totoras_datos_analiticos.psv ->> HORIZONTE->LIMO 2-50 (%)/a\\'
sed -e "/tresreyes_datos_analiticos.psv ->> HORIZONTE->LIMO 2-50 (%)/a\\'
sed -e "/treslagunas_datos_analiticos.psv ->> HORIZONTE->LIMO 2-50 (%)/a\\'
sed -e "/venadotuerto_datos_analiticos.psv ->> HORIZONTE->LIMO 2-50 (%)/a\\'
sed -e "/videla_datos_analiticos.psv ->> HORIZONTE->LIMO 2-50 (%)/a\\'
sed -e "/vila_datos_analiticos.psv ->> HORIZONTE->LIMO 2-50 (%)/a\\'
sed -e "/villada_datos_analiticos.psv ->> HORIZONTE->LIMO 2-50 (%)/a\\'
sed -e "/villaeloisa_datos_analiticos.psv ->> HORIZONTE->LIMO 2-50 (%)/a\\'
sed -e "/wheelwright_datos_analiticos.psv ->> HORIZONTE->LIMO 2-50 (%)/a\\'
sed -e "/zavalla_datos_analiticos.psv ->> HORIZONTE->LIMO 2-50 (%)/a\\'
sed -e "/apeaderomascias_datos_analiticos.psv ->> HORIZONTE->LIMO 2-50 (%)/a\\'
sed -e "/caciqueariacaiquin_datos_analiticos.psv ->> HORIZONTE->LIMO 2-50 (%)/a\\'
sed -e "/canadadelucle_datos_analiticos.psv ->> HORIZONTE->LIMO 2-50 (%)/a\\'
sed -e "/estanciasantaana_datos_analiticos.psv ->> HORIZONTE->LIMO 2-50 (%)/a\\'
sed -e "/lasarita_descripcion_datos_analiticos.psv ->> HORIZONTE->LIMO 2-50 (%)/a\\'
sed -e "/lasofia_datos_analiticos.psv ->> HORIZONTE->LIMO 2-50 (%)/a\\'
sed -e "/marcojuarezi_datos_analiticos.psv ->> HORIZONTE->LIMO 2-50 (%)/a\\'
sed -e "/mariamanuela_datos_analiticos.psv ->> HORIZONTE->LIMO 2-50 (%)/a\\'
sed -e "/mariateresa_datos_analiticos.psv ->> HORIZONTE->LIMO 2-50 (%)/a\\'
sed -e "/namuncura_datos_analiticos.psv ->> HORIZONTE->LIMO 2-50 (%)/a\\'
sed -e "/orono_datos_analiticos.psv ->> HORIZONTE->LIMO 2-50 (%)/a\\'
sed -e "/roldan_datos_analiticos.psv ->> HORIZONTE->LIMO 2-50 (%)/a\\'
sed -e "/rosales_descripcion_datos_analiticos.psv ->> HORIZONTE->LIMO 2-50 (%)/a\\'
sed -e "/sanctispiritu_datos_analiticos.psv ->> HORIZONTE->LIMO 2-50 (%)/a\\'
sed -e "/sanfabian_datos_analiticos.psv ->> HORIZONTE->LIMO 2-50 (%)/a\\'
sed -e "/sanguillermo_descripcion_datos_analiticos.psv ->> HORIZONTE->LIMO 2-50 (%)/a\\'
sed -e "/sanjulian_datos_analiticos.psv ->> HORIZONTE->LIMO 2-50 (%)/a\\'
sed -e "/santalucia_datos_analiticos.psv ->> HORIZONTE->LIMO 2-50 (%)/a\\'
sed -e "/villacanas_datos_analiticos.psv ->> HORIZONTE->LIMO 2-50 (%)/a\\'
sed -e "/villarosi_descripcion_datos_analiticos.psv ->> HORIZONTE->LIMO 2-50 (%)/a\\'
sed -e "/villatrinidad_descripcion_datos_analiticos.psv ->> HORIZONTE->LIMO 2-50 (%)/a\\'
