aaroncastellanos_datos_analiticos.psv
alejoledesma_datos_analiticos.psv
ambrosetti_datos_analiticos.psv
amenabar_datos_analiticos.psv
angeloni_datos_analiticos.psv
apeaderoarrascaeta_datos_analiticos.psv
arequito_datos_analiticos.psv
armstrong_datos_analiticos.psv
arocena_datos_analiticos.psv
arroyoaguiar_datos_analiticos.psv
arroyojuarez_datos_analiticos.psv
arroyolastortugas_datos_analiticos.psv
arroyosanantonio_datos_analiticos.psv
arrufo_datos_analiticos.psv
ascochinga_datos_analiticos.psv
aurelia_datos_analiticos.psv
barrancas_datos_analiticos.psv
benjamingould_datos_analiticos.psv
bernardodeirigoyen_datos_analiticos.psv
bigand_datos_analiticos.psv
bossi_datos_analiticos.psv
bustinza_datos_analiticos.psv
cafferata_datos_analiticos.psv
campoandino_datos_analiticos.psv
canalsanantonio_datos_analiticos.psv
candioti_datos_analiticos.psv
carlospellegrini_datos_analiticos.psv
casilda_datos_analiticos.psv
castellanos_datos_analiticos.psv
cayasta_datos_analiticos.psv
chabas_datos_analiticos.psv
chilca_datos_analiticos.psv
chovet_datos_analiticos.psv
clason_datos_analiticos.psv
colastine_datos_analiticos.psv
coloniaalpina_datos_analiticos.psv
coloniacastelar_datos_analiticos.psv
coloniamackinley_datos_analiticos.psv
coloniamendigueren_datos_analiticos.psv
coloniamoreno_datos_analiticos.psv
coloniaprogreso_datos_analiticos.psv
coloniarosa_datos_analiticos.psv
coloniateresa_datos_analiticos.psv
constituyentes_datos_analiticos.psv
coronda_datos_analiticos.psv
correa_datos_analiticos.psv
crispi_datos_analiticos.psv
cululu_datos_analiticos.psv
curupayti_datos_analiticos.psv
delgado_datos_analiticos.psv
diaz_datos_analiticos.psv
divisademayo_datos_analiticos.psv
dosprovincias_datos_analiticos.psv
elabolengo_datos_analiticos.psv
elarbolito_datos_analiticos.psv
elcantor_datos_analiticos.psv
ellaurel_datos_analiticos.psv
elmocoreta_datos_analiticos.psv
elpedernal_datos_analiticos.psv
elrecuerdo_datos_analiticos.psv
eltrebol_datos_analiticos.psv
esperanza_datos_analiticos.psv
estanciasantaana_datos_analiticos.psv
eusebia_datos_analiticos.psv
faustina_datos_analiticos.psv
fortintiburcio_datos_analiticos.psv
gaboto_datos_analiticos.psv
gelly_datos_analiticos.psv
gessler_datos_analiticos.psv
guatimozin_datos_analiticos.psv
hansen_datos_analiticos.psv
helvecia_datos_analiticos.psv
hersilia_datos_analiticos.psv
huemul_datos_analiticos.psv
hughes_datos_analiticos.psv
humboldt_datos_analiticos.psv
jacinto_datos_analiticos.psv
juncal_datos_analiticos.psv
laalpina_datos_analiticos.psv
lacurva_datos_analiticos.psv
laelena_datos_analiticos.psv
laesmeralda_datos_analiticos.psv
laflorida_datos_analiticos.psv
lagerda_datos_analiticos.psv
lagermania_datos_analiticos.psv
laindiada_datos_analiticos.psv
laleoncita_datos_analiticos.psv
landeta_datos_analiticos.psv
lapatria_datos_analiticos.psv
lapelada_datos_analiticos.psv
larivieri_datos_analiticos.psv
larubia_datos_analiticos.psv
lasbandurrias_datos_analiticos.psv
lasgamas_datos_analiticos.psv
laspalmeras_datos_analiticos.psv
lasparvas_datos_analiticos.psv
lasprusianas_datos_analiticos.psv
lastunas_datos_analiticos.psv
lasturbias_datos_analiticos.psv
lazoraida_datos_analiticos.psv
lazzarino_datos_analiticos.psv
lehmann_datos_analiticos.psv
lima_datos_analiticos.psv
lomaalta_datos_analiticos.psv
loscardos_datos_analiticos.psv
loscerillos_datos_analiticos.psv
loscharabones_datos_analiticos.psv
losmedanitos_datos_analiticos.psv
lucianoleiva_datos_analiticos.psv
maciel_datos_analiticos.psv
maggiolo_datos_analiticos.psv
maizales_datos_analiticos.psv
manantiales_datos_analiticos.psv
marialuisa_datos_analiticos.psv
matilde_datos_analiticos.psv
melincue_datos_analiticos.psv
monigotes_datos_analiticos.psv
monteoscuridad_datos_analiticos.psv
murphy_datos_analiticos.psv
oliveros_datos_analiticos.psv
paikin_datos_analiticos.psv
pergamino_datos_analiticos.psv
petronila_datos_analiticos.psv
peyrano_datos_analiticos.psv
Pilar_datos_analiticos.psv
pueblocasas_datos_analiticos.psv
pueblodeirigoyen_datos_analiticos.psv
puebloelisa_datos_analiticos.psv
rafaela_datos_analiticos.psv
ramallo_datos_analiticos.psv
ramona_datos_analiticos.psv
rancagua_datos_analiticos.psv
Recreo_datos_analiticos.psv
rincondeavila_datos_analiticos.psv
riosalado_datos_analiticos.psv
rojas_datos_analiticos.psv
saforcada_datos_analiticos.psv
sanantonio_datos_analiticos.psv
sanbernardo_datos_analiticos.psv
sanjusto_datos_analiticos.psv
sanmartindelasescobas_datos_analiticos.psv
sanpedro_datos_analiticos.psv
santafilipina_datos_analiticos.psv
santaisabel_datos_analiticos.psv
santamarianorte_datos_analiticos.psv
sastre_datos_analiticos.psv
schiffner_datos_analiticos.psv
serodino_datos_analiticos.psv
soldemayo_datos_analiticos.psv
teodelina_datos_analiticos.psv
totoras_datos_analiticos.psv
tresreyes_datos_analiticos.psv
treslagunas_datos_analiticos.psv
venadotuerto_datos_analiticos.psv
videla_datos_analiticos.psv
vila_datos_analiticos.psv
villada_datos_analiticos.psv
villaeloisa_datos_analiticos.psv
wheelwright_datos_analiticos.psv
zavalla_datos_analiticos.psv
apeaderomascias_datos_analiticos.psv
caciqueariacaiquin_datos_analiticos.psv
canadadelucle_datos_analiticos.psv
estanciasantaana_datos_analiticos.psv
lasarita_descripcion_datos_analiticos.psv
lasofia_datos_analiticos.psv
marcojuarezi_datos_analiticos.psv
mariamanuela_datos_analiticos.psv
mariateresa_datos_analiticos.psv
namuncura_datos_analiticos.psv
orono_datos_analiticos.psv
roldan_datos_analiticos.psv
rosales_descripcion_datos_analiticos.psv
sanctispiritu_datos_analiticos.psv
sanfabian_datos_analiticos.psv
sanguillermo_descripcion_datos_analiticos.psv
sanjulian_datos_analiticos.psv
santalucia_datos_analiticos.psv
villacanas_datos_analiticos.psv
villarosi_descripcion_datos_analiticos.psv
villatrinidad_descripcion_datos_analiticos.psv
